<?xml version="1.0" encoding="UTF-8"?>
<!-- Generated by org.testng.reporters.JUnitReportReporter -->
<testsuite hostname="DESKTOP-765SLTP" failures="0" tests="3" name="oranghrms.Homepage" time="4.556" errors="0" timestamp="2022-09-13T07:44:27 PKT" skipped="0">
  <testcase classname="oranghrms.Homepage" name="A_company_bImage" time="2.211"/>
  <system-out/>
  <testcase classname="oranghrms.Homepage" name="Label" time="0.043"/>
  <system-out/>
  <testcase classname="oranghrms.Homepage" name="login" time="2.302"/>
  <system-out/>
</testsuite> <!-- oranghrms.Homepage -->
