<?xml version="1.0" encoding="UTF-8"?>
<!-- Generated by org.testng.reporters.JUnitReportReporter -->
<testsuite hostname="DESKTOP-765SLTP" failures="0" tests="1" name="oranghrms.Sliding" time="0.396" errors="0" timestamp="2022-09-12T17:30:21 PKT" skipped="0">
  <testcase classname="oranghrms.Sliding" name="login" time="0.396"/>
  <system-out/>
</testsuite> <!-- oranghrms.Sliding -->
