<?xml version="1.0" encoding="UTF-8"?>
<!-- Generated by org.testng.reporters.JUnitReportReporter -->
<testsuite hostname="DESKTOP-765SLTP" failures="0" tests="11" name="oranghrms.Login" time="2.892" errors="0" timestamp="2022-09-13T16:18:26 PKT" skipped="0">
  <testcase classname="oranghrms.Login" name="A_company_bImage" time="1.167"/>
  <system-out/>
  <testcase classname="oranghrms.Login" name="B_OrangHRM_Logo" time="0.047"/>
  <system-out/>
  <testcase classname="oranghrms.Login" name="Page_Heading" time="0.094"/>
  <system-out/>
  <testcase classname="oranghrms.Login" name="Username" time="0.068"/>
  <system-out/>
  <testcase classname="oranghrms.Login" name="Password" time="0.074"/>
  <system-out/>
  <testcase classname="oranghrms.Login" name="Login_Button" time="0.090"/>
  <system-out/>
  <testcase classname="oranghrms.Login" name="Linkedin" time="0.138"/>
  <system-out/>
  <testcase classname="oranghrms.Login" name="Facebook" time="0.402"/>
  <system-out/>
  <testcase classname="oranghrms.Login" name="Twitter" time="0.162"/>
  <system-out/>
  <testcase classname="oranghrms.Login" name="Youtube" time="0.161"/>
  <system-out/>
  <testcase classname="oranghrms.Login" name="login" time="0.489"/>
  <system-out/>
</testsuite> <!-- oranghrms.Login -->
