<?xml version="1.0" encoding="UTF-8"?>
<!-- Generated by org.testng.reporters.JUnitReportReporter -->
<testsuite hostname="DESKTOP-765SLTP" failures="0" tests="1" name="IEBrowserTest" time="14.076" errors="0" timestamp="2022-08-17T10:36:07 PKT" skipped="0">
  <testcase classname="IEBrowserTest" name="SearGooglepage" time="14.076"/>
  <system-out/>
</testsuite> <!-- IEBrowserTest -->
