<?xml version="1.0" encoding="UTF-8"?>
<!-- Generated by org.testng.reporters.JUnitReportReporter -->
<testsuite hostname="DESKTOP-765SLTP" failures="0" tests="11" name="oranghrms.Login" time="1.571" errors="0" timestamp="2022-09-05T08:32:36 PKT" skipped="0">
  <testcase classname="oranghrms.Login" name="A_company_bImage" time="0.137"/>
  <system-out/>
  <testcase classname="oranghrms.Login" name="B_OrangHRM_Logo" time="0.124"/>
  <system-out/>
  <testcase classname="oranghrms.Login" name="Page_Heading" time="0.045"/>
  <system-out/>
  <testcase classname="oranghrms.Login" name="Username" time="0.086"/>
  <system-out/>
  <testcase classname="oranghrms.Login" name="Password" time="0.108"/>
  <system-out/>
  <testcase classname="oranghrms.Login" name="Login_Button" time="0.081"/>
  <system-out/>
  <testcase classname="oranghrms.Login" name="Linkedin" time="0.129"/>
  <system-out/>
  <testcase classname="oranghrms.Login" name="Facebook" time="0.119"/>
  <system-out/>
  <testcase classname="oranghrms.Login" name="Twitter" time="0.156"/>
  <system-out/>
  <testcase classname="oranghrms.Login" name="Youtube" time="0.109"/>
  <system-out/>
  <testcase classname="oranghrms.Login" name="login" time="0.477"/>
  <system-out/>
</testsuite> <!-- oranghrms.Login -->
