<?xml version="1.0" encoding="UTF-8"?>
<!-- Generated by org.testng.reporters.JUnitReportReporter -->
<testsuite hostname="DESKTOP-765SLTP" failures="0" tests="1" name="oranghrms.Sliding" time="0.366" errors="0" timestamp="2022-09-04T23:36:11 PKT" skipped="0">
  <testcase classname="oranghrms.Sliding" name="login" time="0.366"/>
  <system-out/>
</testsuite> <!-- oranghrms.Sliding -->
