<?xml version="1.0" encoding="UTF-8"?>
<!-- Generated by org.testng.reporters.JUnitReportReporter -->
<testsuite hostname="DESKTOP-765SLTP" failures="0" tests="2" name="oranghrms.Homepage" time="4.399" errors="0" timestamp="2022-09-05T00:07:36 PKT" skipped="0">
  <testcase classname="oranghrms.Homepage" name="A_company_bImage" time="2.095"/>
  <system-out/>
  <testcase classname="oranghrms.Homepage" name="login" time="2.304"/>
  <system-out/>
</testsuite> <!-- oranghrms.Homepage -->
