<?xml version="1.0" encoding="UTF-8"?>
<!-- Generated by org.testng.reporters.JUnitReportReporter -->
<testsuite hostname="DESKTOP-765SLTP" failures="0" tests="4" name="oranghrms.Login" time="21.375" errors="0" timestamp="2022-08-25T00:17:38 PKT" skipped="0">
  <testcase classname="oranghrms.Login" name="matchtitle" time="15.023"/>
  <system-out/>
  <testcase classname="oranghrms.Login" name="imagecapture" time="0.055"/>
  <system-out/>
  <testcase classname="oranghrms.Login" name="LoginText" time="3.044"/>
  <system-out/>
  <testcase classname="oranghrms.Login" name="userpassword" time="3.253"/>
  <system-out/>
</testsuite> <!-- oranghrms.Login -->
